May-03 19:40:45.243 [main] DEBUG nextflow.cli.Launcher - $> nextflow /home/cq/Antibiotic-Resistance-Pipeline-Nextflow-/Pipeline.nf --outdir LEK_Results --gendb /home/cq/RawDataNGS/card.fasta -profile singularity
May-03 19:40:45.402 [main] INFO  nextflow.cli.CmdRun - N E X T F L O W  ~  version 22.03.1-edge
May-03 19:40:45.431 [main] DEBUG nextflow.config.ConfigBuilder - Found config local: /home/cq/Antibiotic-Resistance-Pipeline-Nextflow-/nextflow.config
May-03 19:40:45.432 [main] DEBUG nextflow.config.ConfigBuilder - Parsing config file: /home/cq/Antibiotic-Resistance-Pipeline-Nextflow-/nextflow.config
May-03 19:40:45.467 [main] DEBUG nextflow.config.ConfigBuilder - Applying config profile: `singularity`
May-03 19:40:46.287 [main] DEBUG nextflow.config.ConfigBuilder - Available config profiles: [singularity]
May-03 19:40:46.344 [main] INFO  nextflow.cli.CmdRun - Launching `/home/cq/Antibiotic-Resistance-Pipeline-Nextflow-/Pipeline.nf` [gigantic_coulomb] DSL2 - revision: a55a30c8ab
May-03 19:40:46.361 [main] DEBUG nextflow.plugin.PluginsFacade - Setting up plugin manager > mode=prod; plugins-dir=/home/cq/.nextflow/plugins; core-plugins: nf-amazon@1.6.0,nf-azure@0.13.0,nf-console@1.0.3,nf-ga4gh@1.0.3,nf-google@1.1.4,nf-sqldb@0.3.0,nf-tower@1.4.0
May-03 19:40:46.363 [main] DEBUG nextflow.plugin.PluginsFacade - Plugins default=[]
May-03 19:40:46.377 [main] INFO  org.pf4j.DefaultPluginStatusProvider - Enabled plugins: []
May-03 19:40:46.379 [main] INFO  org.pf4j.DefaultPluginStatusProvider - Disabled plugins: []
May-03 19:40:46.383 [main] INFO  org.pf4j.DefaultPluginManager - PF4J version 3.4.1 in 'deployment' mode
May-03 19:40:46.397 [main] INFO  org.pf4j.AbstractPluginManager - No plugins
May-03 19:40:46.493 [main] DEBUG nextflow.Session - Session uuid: 02d08946-566e-4eba-be22-5d5ffa305c09
May-03 19:40:46.493 [main] DEBUG nextflow.Session - Run name: gigantic_coulomb
May-03 19:40:46.494 [main] DEBUG nextflow.Session - Executor pool size: 4
May-03 19:40:46.537 [main] DEBUG nextflow.cli.CmdRun - 
  Version: 22.03.1-edge build 5695
  Created: 06-04-2022 20:51 UTC (22:51 CEST)
  System: Linux 5.13.0-40-generic
  Runtime: Groovy 3.0.10 on OpenJDK 64-Bit Server VM 11.0.15+10-Ubuntu-0ubuntu0.20.04.1
  Encoding: UTF-8 (UTF-8)
  Process: 38450@bioinfobox [127.0.1.1]
  CPUs: 4 - Mem: 3.8 GB (979.8 MB) - Swap: 923.3 MB (342.6 MB)
May-03 19:40:46.565 [main] DEBUG nextflow.Session - Work-dir: /home/cq/Antibiotic-Resistance-Pipeline-Nextflow-/work [ext2/ext3]
May-03 19:40:46.565 [main] DEBUG nextflow.Session - Script base path does not exist or is not a directory: /home/cq/Antibiotic-Resistance-Pipeline-Nextflow-/bin
May-03 19:40:46.578 [main] DEBUG nextflow.executor.ExecutorFactory - Extension executors providers=[]
May-03 19:40:46.593 [main] DEBUG nextflow.Session - Observer factory: DefaultObserverFactory
May-03 19:40:46.622 [main] DEBUG nextflow.cache.CacheFactory - Using Nextflow cache factory: nextflow.cache.DefaultCacheFactory
May-03 19:40:46.635 [main] DEBUG nextflow.util.CustomThreadPool - Creating default thread pool > poolSize: 5; maxThreads: 1000
May-03 19:40:46.726 [main] DEBUG nextflow.Session - Session start invoked
May-03 19:40:47.346 [main] DEBUG nextflow.script.ScriptRunner - > Launching execution
May-03 19:40:47.364 [main] INFO  nextflow.Nextflow -  SAHMORIE CAMERON - ANTIBIOTIC RESISTANCE PIPELINE
 ===================================
 outdir         : LEK_Results
 indir          : /home/cq/RawDataNGS
 Gene Database  : /home/cq/RawDataNGS/card.fasta

 est. 2022
 
May-03 19:40:47.613 [main] DEBUG nextflow.executor.ExecutorFactory - << taskConfig executor: null
May-03 19:40:47.613 [main] DEBUG nextflow.executor.ExecutorFactory - >> processorType: 'local'
May-03 19:40:47.619 [main] DEBUG nextflow.executor.Executor - [warm up] executor > local
May-03 19:40:47.625 [main] DEBUG n.processor.LocalPollingMonitor - Creating local task monitor for executor 'local' > cpus=4; memory=3.8 GB; capacity=4; pollInterval=100ms; dumpInterval=5m
May-03 19:40:47.720 [main] DEBUG nextflow.executor.ExecutorFactory - << taskConfig executor: null
May-03 19:40:47.720 [main] DEBUG nextflow.executor.ExecutorFactory - >> processorType: 'local'
May-03 19:40:47.731 [main] DEBUG nextflow.executor.ExecutorFactory - << taskConfig executor: null
May-03 19:40:47.732 [main] DEBUG nextflow.executor.ExecutorFactory - >> processorType: 'local'
May-03 19:40:47.737 [main] DEBUG nextflow.Session - Workflow process names [dsl2]: fastqc, srst2, fastp
May-03 19:40:47.738 [main] DEBUG nextflow.Session - Ignite dataflow network (4)
May-03 19:40:47.753 [main] DEBUG nextflow.processor.TaskProcessor - Starting process > fastp
May-03 19:40:47.754 [main] DEBUG nextflow.processor.TaskProcessor - Starting process > fastqc
May-03 19:40:47.754 [main] DEBUG nextflow.processor.TaskProcessor - Starting process > srst2
May-03 19:40:47.754 [main] DEBUG nextflow.script.ScriptRunner - > Await termination 
May-03 19:40:47.754 [main] DEBUG nextflow.Session - Session await
May-03 19:40:47.768 [PathVisitor-1] DEBUG nextflow.file.PathVisitor - files for syntax: glob; folder: /home/cq/RawDataNGS/; pattern: *.fastq; options: [:]
May-03 19:40:47.926 [Actor Thread 2] DEBUG nextflow.container.SingularityCache - Singularity found local store for image=https://depot.galaxyproject.org/singularity/fastp:0.20.1--h8b12597_0; path=/home/cq/singularity_containers/depot.galaxyproject.org-singularity-fastp-0.20.1--h8b12597_0.img
May-03 19:40:48.041 [Task submitter] DEBUG nextflow.executor.LocalTaskHandler - Launch cmd line: /bin/bash -ue .command.run
May-03 19:40:48.049 [Task submitter] INFO  nextflow.Session - [09/c2767e] Submitted process > fastp (1)
May-03 19:40:48.062 [Task submitter] DEBUG nextflow.executor.LocalTaskHandler - Launch cmd line: /bin/bash -ue .command.run
May-03 19:40:48.064 [Task submitter] INFO  nextflow.Session - [19/73a4a7] Submitted process > fastp (2)
May-03 19:40:48.079 [Task submitter] DEBUG nextflow.executor.LocalTaskHandler - Launch cmd line: /bin/bash -ue .command.run
May-03 19:40:48.083 [Task submitter] INFO  nextflow.Session - [7f/972f88] Submitted process > fastp (3)
May-03 19:40:59.196 [Task monitor] DEBUG n.processor.TaskPollingMonitor - Task completed > TaskHandler[id: 1; name: fastp (1); status: COMPLETED; exit: 0; error: -; workDir: /home/cq/Antibiotic-Resistance-Pipeline-Nextflow-/work/09/c2767ecccc760162a44e25b60072b9]
May-03 19:40:59.240 [Actor Thread 5] DEBUG nextflow.container.SingularityCache - Singularity found local store for image=https://depot.galaxyproject.org/singularity/fastqc:0.11.9--0; path=/home/cq/singularity_containers/depot.galaxyproject.org-singularity-fastqc-0.11.9--0.img
May-03 19:40:59.250 [Task submitter] DEBUG nextflow.executor.LocalTaskHandler - Launch cmd line: /bin/bash -ue .command.run
May-03 19:40:59.257 [Task submitter] INFO  nextflow.Session - [b8/bb5103] Submitted process > fastqc (1)
May-03 19:40:59.281 [Task monitor] DEBUG nextflow.util.ThreadPoolBuilder - Creating thread pool 'FileTransfer' minSize=4; maxSize=4; workQueue=LinkedBlockingQueue[10000]; allowCoreThreadTimeout=false
May-03 19:41:05.191 [Task monitor] DEBUG n.processor.TaskPollingMonitor - Task completed > TaskHandler[id: 2; name: fastp (2); status: COMPLETED; exit: 0; error: -; workDir: /home/cq/Antibiotic-Resistance-Pipeline-Nextflow-/work/19/73a4a70b0b3dc75bbac3670a16b6ea]
May-03 19:41:05.235 [Task submitter] DEBUG nextflow.executor.LocalTaskHandler - Launch cmd line: /bin/bash -ue .command.run
May-03 19:41:05.237 [Task submitter] INFO  nextflow.Session - [df/3f81c4] Submitted process > fastqc (2)
May-03 19:41:07.817 [Task monitor] DEBUG n.processor.TaskPollingMonitor - Task completed > TaskHandler[id: 3; name: fastp (3); status: COMPLETED; exit: 0; error: -; workDir: /home/cq/Antibiotic-Resistance-Pipeline-Nextflow-/work/7f/972f889639c5b762e039dcb228518f]
May-03 19:41:07.860 [Task submitter] DEBUG nextflow.executor.LocalTaskHandler - Launch cmd line: /bin/bash -ue .command.run
May-03 19:41:07.860 [Task submitter] INFO  nextflow.Session - [2c/b09271] Submitted process > fastqc (3)
May-03 19:41:07.901 [Actor Thread 1] DEBUG nextflow.container.SingularityCache - Singularity found local store for image=https://depot.galaxyproject.org/singularity/srst2%3A0.2.0--py27_2; path=/home/cq/singularity_containers/depot.galaxyproject.org-singularity-srst2%3A0.2.0--py27_2.img
May-03 19:41:08.018 [Task submitter] DEBUG nextflow.executor.LocalTaskHandler - Launch cmd line: /bin/bash -ue .command.run
May-03 19:41:08.019 [Task submitter] INFO  nextflow.Session - [22/abcfff] Submitted process > srst2
May-03 19:41:18.613 [Task monitor] DEBUG n.processor.TaskPollingMonitor - Task completed > TaskHandler[id: 4; name: fastqc (1); status: COMPLETED; exit: 0; error: -; workDir: /home/cq/Antibiotic-Resistance-Pipeline-Nextflow-/work/b8/bb51034ce01e03bffc8dffd3bc51a7]
May-03 19:41:24.816 [Task monitor] DEBUG n.processor.TaskPollingMonitor - Task completed > TaskHandler[id: 5; name: fastqc (2); status: COMPLETED; exit: 0; error: -; workDir: /home/cq/Antibiotic-Resistance-Pipeline-Nextflow-/work/df/3f81c4b15251e0de167f8bedffabbc]
May-03 19:41:28.433 [Task monitor] DEBUG n.processor.TaskPollingMonitor - Task completed > TaskHandler[id: 6; name: fastqc (3); status: COMPLETED; exit: 0; error: -; workDir: /home/cq/Antibiotic-Resistance-Pipeline-Nextflow-/work/2c/b092717501b6ed197743a57d9f53fe]
May-03 19:43:24.578 [Task monitor] DEBUG n.processor.TaskPollingMonitor - Task completed > TaskHandler[id: 7; name: srst2; status: COMPLETED; exit: 0; error: -; workDir: /home/cq/Antibiotic-Resistance-Pipeline-Nextflow-/work/22/abcfff51cec018bc792ed269847b16]
May-03 19:43:24.590 [main] DEBUG nextflow.Session - Session await > all process finished
May-03 19:43:24.603 [main] DEBUG nextflow.Session - Session await > all barriers passed
May-03 19:43:24.655 [main] DEBUG nextflow.trace.WorkflowStatsObserver - Workflow completed > WorkflowStats[succeededCount=7; failedCount=0; ignoredCount=0; cachedCount=0; pendingCount=0; submittedCount=0; runningCount=0; retriesCount=0; abortedCount=0; succeedDuration=4m 4s; failedDuration=0ms; cachedDuration=0ms;loadCpus=0; loadMemory=0; peakRunning=4; peakCpus=4; peakMemory=0; ]
May-03 19:43:24.917 [main] DEBUG nextflow.cache.CacheDB - Closing CacheDB done
May-03 19:43:24.954 [main] DEBUG nextflow.script.ScriptRunner - > Execution complete -- Goodbye
