05/03/2022 19:41:13 program started
05/03/2022 19:41:13 command line: /usr/local/bin/srst2 --input_se patient1_fastp.fastq patient2_fastp.fastq patient3_fastp.fastq --output patients --log --gene_db /home/cq/RawDataNGS/card.fasta
05/03/2022 19:41:13 Total single reads found:3
05/03/2022 19:41:13 Index for /home/cq/RawDataNGS/card.fasta is already built...
05/03/2022 19:41:13 Processing database /home/cq/RawDataNGS/card.fasta
05/03/2022 19:41:13 Non-unique:2, AAC3;AAC6'_AGly
05/03/2022 19:41:13 Non-unique:3, AAC6';ANT3''_AGly
05/03/2022 19:41:13 Non-unique:3, AAC6';APH2''_AGly
05/03/2022 19:41:14 Non-unique:379, TetQ_Tet
05/03/2022 19:41:14 Processing sample patient1_fastp
05/03/2022 19:41:14 Starting mapping with bowtie2
05/03/2022 19:41:14 Output prefix set to: patients__patient1_fastp.card
05/03/2022 19:41:14 Aligning reads to index /home/cq/RawDataNGS/card.fasta using bowtie2...
05/03/2022 19:41:14 Running: bowtie2 -U patient1_fastp.fastq -S patients__patient1_fastp.card.sam -q --very-sensitive-local --no-unal -a -x /home/cq/RawDataNGS/card.fasta
05/03/2022 19:41:45 Processing Bowtie2 output with SAMtools...
05/03/2022 19:41:45 Generate and sort BAM file...
05/03/2022 19:41:45 Running: samtools view -b -o patients__patient1_fastp.card.unsorted.bam -q 1 -S patients__patient1_fastp.card.sam.mod
05/03/2022 19:41:45 Running: samtools sort patients__patient1_fastp.card.unsorted.bam patients__patient1_fastp.card.sorted
05/03/2022 19:41:46 Deleting sam and bam files that are not longer needed...
05/03/2022 19:41:46 Deleting patients__patient1_fastp.card.sam
05/03/2022 19:41:46 Deleting patients__patient1_fastp.card.sam.mod
05/03/2022 19:41:46 Deleting patients__patient1_fastp.card.unsorted.bam
05/03/2022 19:41:46 Generate pileup...
05/03/2022 19:41:46 Running: samtools mpileup -L 1000 -f /home/cq/RawDataNGS/card.fasta -Q 20 -q 1 -B patients__patient1_fastp.card.sorted.bam
05/03/2022 19:41:46  Processing SAMtools pileup...
05/03/2022 19:41:49  Scoring alleles...
05/03/2022 19:42:01 Printing verbose gene detection results to patients__fullgenes__card__results.txt
05/03/2022 19:42:01  9 genes identified in patient1_fastp
05/03/2022 19:42:01  Finished processing for read set patient1_fastp ...
05/03/2022 19:42:01 Processing sample patient3_fastp
05/03/2022 19:42:01 Starting mapping with bowtie2
05/03/2022 19:42:01 Output prefix set to: patients__patient3_fastp.card
05/03/2022 19:42:01 Aligning reads to index /home/cq/RawDataNGS/card.fasta using bowtie2...
05/03/2022 19:42:01 Running: bowtie2 -U patient3_fastp.fastq -S patients__patient3_fastp.card.sam -q --very-sensitive-local --no-unal -a -x /home/cq/RawDataNGS/card.fasta
05/03/2022 19:42:43 Processing Bowtie2 output with SAMtools...
05/03/2022 19:42:43 Generate and sort BAM file...
05/03/2022 19:42:43 Running: samtools view -b -o patients__patient3_fastp.card.unsorted.bam -q 1 -S patients__patient3_fastp.card.sam.mod
05/03/2022 19:42:44 Running: samtools sort patients__patient3_fastp.card.unsorted.bam patients__patient3_fastp.card.sorted
05/03/2022 19:42:44 Deleting sam and bam files that are not longer needed...
05/03/2022 19:42:44 Deleting patients__patient3_fastp.card.sam
05/03/2022 19:42:44 Deleting patients__patient3_fastp.card.sam.mod
05/03/2022 19:42:44 Deleting patients__patient3_fastp.card.unsorted.bam
05/03/2022 19:42:44 Generate pileup...
05/03/2022 19:42:44 Running: samtools mpileup -L 1000 -f /home/cq/RawDataNGS/card.fasta -Q 20 -q 1 -B patients__patient3_fastp.card.sorted.bam
05/03/2022 19:42:44  Processing SAMtools pileup...
05/03/2022 19:42:45  Scoring alleles...
05/03/2022 19:42:46 Printing verbose gene detection results to patients__fullgenes__card__results.txt
05/03/2022 19:42:46  6 genes identified in patient3_fastp
05/03/2022 19:42:46  Finished processing for read set patient3_fastp ...
05/03/2022 19:42:46 Processing sample patient2_fastp
05/03/2022 19:42:46 Starting mapping with bowtie2
05/03/2022 19:42:46 Output prefix set to: patients__patient2_fastp.card
05/03/2022 19:42:46 Aligning reads to index /home/cq/RawDataNGS/card.fasta using bowtie2...
05/03/2022 19:42:46 Running: bowtie2 -U patient2_fastp.fastq -S patients__patient2_fastp.card.sam -q --very-sensitive-local --no-unal -a -x /home/cq/RawDataNGS/card.fasta
05/03/2022 19:43:21 Processing Bowtie2 output with SAMtools...
05/03/2022 19:43:21 Generate and sort BAM file...
05/03/2022 19:43:21 Running: samtools view -b -o patients__patient2_fastp.card.unsorted.bam -q 1 -S patients__patient2_fastp.card.sam.mod
05/03/2022 19:43:21 Running: samtools sort patients__patient2_fastp.card.unsorted.bam patients__patient2_fastp.card.sorted
05/03/2022 19:43:21 Deleting sam and bam files that are not longer needed...
05/03/2022 19:43:21 Deleting patients__patient2_fastp.card.sam
05/03/2022 19:43:21 Deleting patients__patient2_fastp.card.sam.mod
05/03/2022 19:43:21 Deleting patients__patient2_fastp.card.unsorted.bam
05/03/2022 19:43:21 Generate pileup...
05/03/2022 19:43:21 Running: samtools mpileup -L 1000 -f /home/cq/RawDataNGS/card.fasta -Q 20 -q 1 -B patients__patient2_fastp.card.sorted.bam
05/03/2022 19:43:21  Processing SAMtools pileup...
05/03/2022 19:43:22  Scoring alleles...
05/03/2022 19:43:24 Printing verbose gene detection results to patients__fullgenes__card__results.txt
05/03/2022 19:43:24  11 genes identified in patient2_fastp
05/03/2022 19:43:24  Finished processing for read set patient2_fastp ...
05/03/2022 19:43:24 Tabulating results for database /home/cq/RawDataNGS/card.fasta ...
05/03/2022 19:43:24 Finished processing for database /home/cq/RawDataNGS/card.fasta ...
05/03/2022 19:43:24 Gene detection output printed to patients__genes__card__results.txt
05/03/2022 19:43:24 SRST2 has finished.
